<?xml version="1.0" encoding="UTF-8"?>
<testng-results skipped="0" failed="0" ignored="0" total="2" passed="2">
  <reporter-output>
  </reporter-output>
  <suite name="Default suite" duration-ms="4650" started-at="2018-02-22T11:44:58Z" finished-at="2018-02-22T11:45:03Z">
    <groups>
    </groups>
    <test name="Default test" duration-ms="4650" started-at="2018-02-22T11:44:58Z" finished-at="2018-02-22T11:45:03Z">
      <class name="com.qa.project.cucu.TatocCucumber.AppTest">
        <test-method status="PASS" signature="urlInitiation()[pri:1, instance:com.qa.project.cucu.TatocCucumber.AppTest@192d3247]" name="urlInitiation" duration-ms="4470" started-at="2018-02-22T17:14:58Z" finished-at="2018-02-22T17:15:03Z">
          <reporter-output>
          </reporter-output>
        </test-method> <!-- urlInitiation -->
        <test-method status="PASS" signature="courseSelect()[pri:2, instance:com.qa.project.cucu.TatocCucumber.AppTest@192d3247]" name="courseSelect" duration-ms="161" started-at="2018-02-22T17:15:03Z" finished-at="2018-02-22T17:15:03Z">
          <reporter-output>
          </reporter-output>
        </test-method> <!-- courseSelect -->
      </class> <!-- com.qa.project.cucu.TatocCucumber.AppTest -->
    </test> <!-- Default test -->
  </suite> <!-- Default suite -->
</testng-results>
